	Babylon.js Exporter version: 1.8.0, Blender version: 2.74 (sub 0)
========= Conversion from Blender to Babylon.js =========
	Python World class constructor completed
	WARNING: No active camera has been assigned, or is not in a currently selected Blender layer
	processing begun of material:  mason.Material.001
	processing begun of material:  mason.Material.010
	WARNING texture type not currently supported:  NONE, ignored.
	processing begun of material:  mason.Material.011
	processing begun of material:  mason.Material.012
	processing begun of material:  mason.Material.013
	processing begun of material:  mason.Material.014
	processing begun of material:  mason.Material.015
	processing begun of material:  mason.Material.016
	processing begun of material:  mason.Material.019
	WARNING texture type not currently supported:  STUCCI, ignored.
	processing begun of material:  mason.Material.024
	processing begun of material:  mason.Material.027
	WARNING texture type not currently supported:  NONE, ignored.
	processing begun of material:  mason.Material.028
	processing begun of material:  mason.Material.029
	processing begun of material:  mason.Material.030
	processing begun of mesh:  SpaceEnemy.012
		processing begun of multimaterial:  mason.Multimaterial#0
		num positions      :  304
		num normals        :  304
		num uvs            :  0
		num uvs2           :  0
		num colors         :  0
		num indices        :  732
	processing begun of mesh:  SpaceEnemy.011
		processing begun of multimaterial:  mason.Multimaterial#1
		num positions      :  304
		num normals        :  304
		num uvs            :  0
		num uvs2           :  0
		num colors         :  0
		num indices        :  732
	processing begun of mesh:  SpaceEnemy.007
		processing begun of multimaterial:  mason.Multimaterial#2
		num positions      :  304
		num normals        :  304
		num uvs            :  0
		num uvs2           :  0
		num colors         :  0
		num indices        :  732
	processing begun of mesh:  Plane.001
		num positions      :  4
		num normals        :  4
		num uvs            :  0
		num uvs2           :  0
		num colors         :  0
		num indices        :  6
	processing begun of mesh:  SpaceEnemy.006
		processing begun of multimaterial:  mason.Multimaterial#3
		num positions      :  304
		num normals        :  304
		num uvs            :  0
		num uvs2           :  0
		num colors         :  0
		num indices        :  732
	processing begun of mesh:  SpaceEnemy.005
		processing begun of multimaterial:  mason.Multimaterial#4
		num positions      :  304
		num normals        :  304
		num uvs            :  0
		num uvs2           :  0
		num colors         :  0
		num indices        :  732
	processing begun of mesh:  SpaceEnemy.004
		processing begun of multimaterial:  mason.Multimaterial#5
		num positions      :  304
		num normals        :  304
		num uvs            :  0
		num uvs2           :  0
		num colors         :  0
		num indices        :  732
	processing begun of mesh:  SpaceEnemy.003
		processing begun of multimaterial:  mason.Multimaterial#6
		num positions      :  304
		num normals        :  304
		num uvs            :  0
		num uvs2           :  0
		num colors         :  0
		num indices        :  732
	processing begun of mesh:  jgf.002
		num positions      :  8
		num normals        :  8
		num uvs            :  0
		num uvs2           :  0
		num colors         :  0
		num indices        :  36
	processing begun of mesh:  SpaceEnemy.010
		processing begun of multimaterial:  mason.Multimaterial#7
		num positions      :  304
		num normals        :  304
		num uvs            :  0
		num uvs2           :  0
		num colors         :  0
		num indices        :  732
	processing begun of mesh:  SpaceEnemy.009
		processing begun of multimaterial:  mason.Multimaterial#8
		num positions      :  304
		num normals        :  304
		num uvs            :  0
		num uvs2           :  0
		num colors         :  0
		num indices        :  732
	processing begun of mesh:  SpaceEnemy.008
		processing begun of multimaterial:  mason.Multimaterial#9
		num positions      :  304
		num normals        :  304
		num uvs            :  0
		num uvs2           :  0
		num colors         :  0
		num indices        :  732
	processing begun of mesh:  SpaceEnemy.002
		processing begun of multimaterial:  mason.Multimaterial#10
		num positions      :  304
		num normals        :  304
		num uvs            :  0
		num uvs2           :  0
		num colors         :  0
		num indices        :  732
	processing begun of mesh:  SpaceEnemy.001
		processing begun of multimaterial:  mason.Multimaterial#11
		num positions      :  304
		num normals        :  304
		num uvs            :  0
		num uvs2           :  0
		num colors         :  0
		num indices        :  732
	processing begun of mesh:  Mine.015
		processing begun of multimaterial:  mason.Multimaterial#12
		num positions      :  258
		num normals        :  258
		num uvs            :  0
		num uvs2           :  0
		num colors         :  0
		num indices        :  924
		WARNING: # of 0 area faces found:  60
	processing begun of mesh:  Mine.012
		processing begun of multimaterial:  mason.Multimaterial#13
		num positions      :  258
		num normals        :  258
		num uvs            :  0
		num uvs2           :  0
		num colors         :  0
		num indices        :  924
		WARNING: # of 0 area faces found:  60
	processing begun of mesh:  Trigger.End
		WARNING:  No materials have been assigned: 
		num positions      :  8
		num normals        :  8
		num uvs            :  0
		num uvs2           :  0
		num colors         :  0
		num indices        :  36
	processing begun of mesh:  Astroid.010
		processing begun of multimaterial:  mason.Multimaterial#14
		num positions      :  275
		num normals        :  275
		num uvs            :  550
		num uvs2           :  0
		num colors         :  0
		num indices        :  324
	processing begun of mesh:  Astroid.009
		processing begun of multimaterial:  mason.Multimaterial#15
		num positions      :  275
		num normals        :  275
		num uvs            :  550
		num uvs2           :  0
		num colors         :  0
		num indices        :  324
	processing begun of mesh:  Mine.011
		processing begun of multimaterial:  mason.Multimaterial#16
		num positions      :  258
		num normals        :  258
		num uvs            :  0
		num uvs2           :  0
		num colors         :  0
		num indices        :  924
		WARNING: # of 0 area faces found:  60
	processing begun of mesh:  Mine.010
		processing begun of multimaterial:  mason.Multimaterial#17
		num positions      :  258
		num normals        :  258
		num uvs            :  0
		num uvs2           :  0
		num colors         :  0
		num indices        :  924
		WARNING: # of 0 area faces found:  60
	processing begun of mesh:  Mine.009
		processing begun of multimaterial:  mason.Multimaterial#18
		num positions      :  258
		num normals        :  258
		num uvs            :  0
		num uvs2           :  0
		num colors         :  0
		num indices        :  924
		WARNING: # of 0 area faces found:  60
	processing begun of mesh:  Astroid.008
		processing begun of multimaterial:  mason.Multimaterial#19
		num positions      :  275
		num normals        :  275
		num uvs            :  550
		num uvs2           :  0
		num colors         :  0
		num indices        :  324
	processing begun of mesh:  Astroid.007
		processing begun of multimaterial:  mason.Multimaterial#20
		num positions      :  275
		num normals        :  275
		num uvs            :  550
		num uvs2           :  0
		num colors         :  0
		num indices        :  324
	processing begun of mesh:  Astroid.006
		processing begun of multimaterial:  mason.Multimaterial#21
		num positions      :  275
		num normals        :  275
		num uvs            :  550
		num uvs2           :  0
		num colors         :  0
		num indices        :  324
	processing begun of mesh:  Astroid.005
		processing begun of multimaterial:  mason.Multimaterial#22
		num positions      :  275
		num normals        :  275
		num uvs            :  550
		num uvs2           :  0
		num colors         :  0
		num indices        :  324
	processing begun of mesh:  Astroid.001
		processing begun of multimaterial:  mason.Multimaterial#23
		num positions      :  275
		num normals        :  275
		num uvs            :  550
		num uvs2           :  0
		num colors         :  0
		num indices        :  324
	processing begun of mesh:  Mine.008
		processing begun of multimaterial:  mason.Multimaterial#24
		num positions      :  258
		num normals        :  258
		num uvs            :  0
		num uvs2           :  0
		num colors         :  0
		num indices        :  924
		WARNING: # of 0 area faces found:  60
	processing begun of mesh:  Mine.007
		processing begun of multimaterial:  mason.Multimaterial#25
		num positions      :  258
		num normals        :  258
		num uvs            :  0
		num uvs2           :  0
		num colors         :  0
		num indices        :  924
		WARNING: # of 0 area faces found:  60
	processing begun of mesh:  Mine.006
		processing begun of multimaterial:  mason.Multimaterial#26
		num positions      :  258
		num normals        :  258
		num uvs            :  0
		num uvs2           :  0
		num colors         :  0
		num indices        :  924
		WARNING: # of 0 area faces found:  60
	processing begun of mesh:  Mine.005
		processing begun of multimaterial:  mason.Multimaterial#27
		num positions      :  258
		num normals        :  258
		num uvs            :  0
		num uvs2           :  0
		num colors         :  0
		num indices        :  924
		WARNING: # of 0 area faces found:  60
	processing begun of mesh:  Mine.004
		processing begun of multimaterial:  mason.Multimaterial#28
		num positions      :  258
		num normals        :  258
		num uvs            :  0
		num uvs2           :  0
		num colors         :  0
		num indices        :  924
		WARNING: # of 0 area faces found:  60
	processing begun of mesh:  Mine.003
		processing begun of multimaterial:  mason.Multimaterial#29
		num positions      :  258
		num normals        :  258
		num uvs            :  0
		num uvs2           :  0
		num colors         :  0
		num indices        :  924
		WARNING: # of 0 area faces found:  60
	processing begun of mesh:  Astroid.003
		processing begun of multimaterial:  mason.Multimaterial#30
		num positions      :  275
		num normals        :  275
		num uvs            :  550
		num uvs2           :  0
		num colors         :  0
		num indices        :  324
	processing begun of mesh:  jgf
		WARNING:  No materials have been assigned: 
		num positions      :  8
		num normals        :  8
		num uvs            :  0
		num uvs2           :  0
		num colors         :  0
		num indices        :  36
	processing begun of mesh:  Plane
		num positions      :  4
		num normals        :  4
		num uvs            :  0
		num uvs2           :  0
		num colors         :  0
		num indices        :  6
	processing begun of mesh:  SpaceEnemy
		processing begun of multimaterial:  mason.Multimaterial#31
		num positions      :  304
		num normals        :  304
		num uvs            :  0
		num uvs2           :  0
		num colors         :  0
		num indices        :  732
	processing begun of mesh:  Cube
		processing begun of multimaterial:  mason.Multimaterial#32
		num positions      :  248
		num normals        :  248
		num uvs            :  0
		num uvs2           :  0
		num colors         :  0
		num indices        :  1188
	processing begun of light (SUN):  Sun
	processing begun of light (HEMI):  Hemi.005
	processing begun of light (HEMI):  Hemi
========= Writing of scene file started =========
========= Writing of scene file completed =========
========= end of processing =========
